<?xml version="1.0" encoding="UTF-8"?>
<!-- Generated by org.testng.reporters.JUnitXMLReporter -->
<testsuite ignored="0" hostname="RUDRAPRASAD" failures="0" tests="4" name="Default test" time="33.959" errors="0" timestamp="2024-09-26T21:32:45 IST">
  <testcase classname="com.abouv.Welcome" name="signUp" time="1.147"/>
  <testcase classname="com.abouv.Welcome" name="clickSkip" time="0.577"/>
  <testcase classname="com.abouv.Welcome" name="signUpUsingMobile" time="0.534"/>
  <testcase classname="com.abouv.Welcome" name="enterOtpManually" time="28.266"/>
</testsuite> <!-- Default test -->
